CRITICAL - 2025-01-06 10:01:39 --> ErrorException: include(inc/navbar): Failed to open stream: No such file or directory
[Method: GET, Route: admin/dashboard]
in APPPATH\Views\backend\pages\backend-pages.php on line 118.
 1 APPPATH\Views\backend\pages\backend-pages.php(118): CodeIgniter\Debug\Exceptions->errorHandler(2, 'include(inc/navbar): Failed to open stream: No such file or directory', 'C:\\xampp\\htdocs\\fixed-website-wisata-tegal\\app\\Views\\backend\\pages\\backend-pages.php', 118)
 2 APPPATH\Views\backend\pages\backend-pages.php(118): include()
 3 SYSTEMPATH\View\View.php(234): include('C:\\xampp\\htdocs\\fixed-website-wisata-tegal\\app\\Views\\backend\\pages\\backend-pages.php')
 4 SYSTEMPATH\View\View.php(237): CodeIgniter\View\View->CodeIgniter\View\{closure}()
 5 SYSTEMPATH\Common.php(1171): CodeIgniter\View\View->render('backend/pages/backend-pages', [], true)
 6 APPPATH\Controllers\AdminController.php(10): view('backend/pages/backend-pages')
 7 SYSTEMPATH\CodeIgniter.php(933): App\Controllers\AdminController->index()
 8 SYSTEMPATH\CodeIgniter.php(509): CodeIgniter\CodeIgniter->runController(Object(App\Controllers\AdminController))
 9 SYSTEMPATH\CodeIgniter.php(355): CodeIgniter\CodeIgniter->handleRequest(null, Object(Config\Cache), false)
10 SYSTEMPATH\Boot.php(325): CodeIgniter\CodeIgniter->run()
11 SYSTEMPATH\Boot.php(67): CodeIgniter\Boot::runCodeIgniter(Object(CodeIgniter\CodeIgniter))
12 FCPATH\index.php(56): CodeIgniter\Boot::bootWeb(Object(Config\Paths))
13 SYSTEMPATH\rewrite.php(44): require_once('C:\\xampp\\htdocs\\fixed-website-wisata-tegal\\public\\index.php')
CRITICAL - 2025-01-06 10:02:45 --> ErrorException: include(backend/inc/navbar): Failed to open stream: No such file or directory
[Method: GET, Route: admin/dashboard]
in APPPATH\Views\backend\pages\backend-pages.php on line 118.
 1 APPPATH\Views\backend\pages\backend-pages.php(118): CodeIgniter\Debug\Exceptions->errorHandler(2, 'include(backend/inc/navbar): Failed to open stream: No such file or directory', 'C:\\xampp\\htdocs\\fixed-website-wisata-tegal\\app\\Views\\backend\\pages\\backend-pages.php', 118)
 2 APPPATH\Views\backend\pages\backend-pages.php(118): include()
 3 SYSTEMPATH\View\View.php(234): include('C:\\xampp\\htdocs\\fixed-website-wisata-tegal\\app\\Views\\backend\\pages\\backend-pages.php')
 4 SYSTEMPATH\View\View.php(237): CodeIgniter\View\View->CodeIgniter\View\{closure}()
 5 SYSTEMPATH\Common.php(1171): CodeIgniter\View\View->render('backend/pages/backend-pages', [], true)
 6 APPPATH\Controllers\AdminController.php(10): view('backend/pages/backend-pages')
 7 SYSTEMPATH\CodeIgniter.php(933): App\Controllers\AdminController->index()
 8 SYSTEMPATH\CodeIgniter.php(509): CodeIgniter\CodeIgniter->runController(Object(App\Controllers\AdminController))
 9 SYSTEMPATH\CodeIgniter.php(355): CodeIgniter\CodeIgniter->handleRequest(null, Object(Config\Cache), false)
10 SYSTEMPATH\Boot.php(325): CodeIgniter\CodeIgniter->run()
11 SYSTEMPATH\Boot.php(67): CodeIgniter\Boot::runCodeIgniter(Object(CodeIgniter\CodeIgniter))
12 FCPATH\index.php(56): CodeIgniter\Boot::bootWeb(Object(Config\Paths))
13 SYSTEMPATH\rewrite.php(44): require_once('C:\\xampp\\htdocs\\fixed-website-wisata-tegal\\public\\index.php')
CRITICAL - 2025-01-06 10:03:27 --> ErrorException: include(inc/navbar.php): Failed to open stream: No such file or directory
[Method: GET, Route: admin/dashboard]
in APPPATH\Views\backend\pages\backend-pages.php on line 118.
 1 APPPATH\Views\backend\pages\backend-pages.php(118): CodeIgniter\Debug\Exceptions->errorHandler(2, 'include(inc/navbar.php): Failed to open stream: No such file or directory', 'C:\\xampp\\htdocs\\fixed-website-wisata-tegal\\app\\Views\\backend\\pages\\backend-pages.php', 118)
 2 APPPATH\Views\backend\pages\backend-pages.php(118): include()
 3 SYSTEMPATH\View\View.php(234): include('C:\\xampp\\htdocs\\fixed-website-wisata-tegal\\app\\Views\\backend\\pages\\backend-pages.php')
 4 SYSTEMPATH\View\View.php(237): CodeIgniter\View\View->CodeIgniter\View\{closure}()
 5 SYSTEMPATH\Common.php(1171): CodeIgniter\View\View->render('backend/pages/backend-pages', [], true)
 6 APPPATH\Controllers\AdminController.php(10): view('backend/pages/backend-pages')
 7 SYSTEMPATH\CodeIgniter.php(933): App\Controllers\AdminController->index()
 8 SYSTEMPATH\CodeIgniter.php(509): CodeIgniter\CodeIgniter->runController(Object(App\Controllers\AdminController))
 9 SYSTEMPATH\CodeIgniter.php(355): CodeIgniter\CodeIgniter->handleRequest(null, Object(Config\Cache), false)
10 SYSTEMPATH\Boot.php(325): CodeIgniter\CodeIgniter->run()
11 SYSTEMPATH\Boot.php(67): CodeIgniter\Boot::runCodeIgniter(Object(CodeIgniter\CodeIgniter))
12 FCPATH\index.php(56): CodeIgniter\Boot::bootWeb(Object(Config\Paths))
13 SYSTEMPATH\rewrite.php(44): require_once('C:\\xampp\\htdocs\\fixed-website-wisata-tegal\\public\\index.php')
CRITICAL - 2025-01-06 10:03:28 --> ErrorException: include(inc/navbar.php): Failed to open stream: No such file or directory
[Method: GET, Route: admin/dashboard]
in APPPATH\Views\backend\pages\backend-pages.php on line 118.
 1 APPPATH\Views\backend\pages\backend-pages.php(118): CodeIgniter\Debug\Exceptions->errorHandler(2, 'include(inc/navbar.php): Failed to open stream: No such file or directory', 'C:\\xampp\\htdocs\\fixed-website-wisata-tegal\\app\\Views\\backend\\pages\\backend-pages.php', 118)
 2 APPPATH\Views\backend\pages\backend-pages.php(118): include()
 3 SYSTEMPATH\View\View.php(234): include('C:\\xampp\\htdocs\\fixed-website-wisata-tegal\\app\\Views\\backend\\pages\\backend-pages.php')
 4 SYSTEMPATH\View\View.php(237): CodeIgniter\View\View->CodeIgniter\View\{closure}()
 5 SYSTEMPATH\Common.php(1171): CodeIgniter\View\View->render('backend/pages/backend-pages', [], true)
 6 APPPATH\Controllers\AdminController.php(10): view('backend/pages/backend-pages')
 7 SYSTEMPATH\CodeIgniter.php(933): App\Controllers\AdminController->index()
 8 SYSTEMPATH\CodeIgniter.php(509): CodeIgniter\CodeIgniter->runController(Object(App\Controllers\AdminController))
 9 SYSTEMPATH\CodeIgniter.php(355): CodeIgniter\CodeIgniter->handleRequest(null, Object(Config\Cache), false)
10 SYSTEMPATH\Boot.php(325): CodeIgniter\CodeIgniter->run()
11 SYSTEMPATH\Boot.php(67): CodeIgniter\Boot::runCodeIgniter(Object(CodeIgniter\CodeIgniter))
12 FCPATH\index.php(56): CodeIgniter\Boot::bootWeb(Object(Config\Paths))
13 SYSTEMPATH\rewrite.php(44): require_once('C:\\xampp\\htdocs\\fixed-website-wisata-tegal\\public\\index.php')
CRITICAL - 2025-01-06 10:03:56 --> ErrorException: include(/backend/inc/navbar.php): Failed to open stream: No such file or directory
[Method: GET, Route: admin/dashboard]
in APPPATH\Views\backend\pages\backend-pages.php on line 118.
 1 APPPATH\Views\backend\pages\backend-pages.php(118): CodeIgniter\Debug\Exceptions->errorHandler(2, 'include(/backend/inc/navbar.php): Failed to open stream: No such file or directory', 'C:\\xampp\\htdocs\\fixed-website-wisata-tegal\\app\\Views\\backend\\pages\\backend-pages.php', 118)
 2 APPPATH\Views\backend\pages\backend-pages.php(118): include()
 3 SYSTEMPATH\View\View.php(234): include('C:\\xampp\\htdocs\\fixed-website-wisata-tegal\\app\\Views\\backend\\pages\\backend-pages.php')
 4 SYSTEMPATH\View\View.php(237): CodeIgniter\View\View->CodeIgniter\View\{closure}()
 5 SYSTEMPATH\Common.php(1171): CodeIgniter\View\View->render('backend/pages/backend-pages', [], true)
 6 APPPATH\Controllers\AdminController.php(10): view('backend/pages/backend-pages')
 7 SYSTEMPATH\CodeIgniter.php(933): App\Controllers\AdminController->index()
 8 SYSTEMPATH\CodeIgniter.php(509): CodeIgniter\CodeIgniter->runController(Object(App\Controllers\AdminController))
 9 SYSTEMPATH\CodeIgniter.php(355): CodeIgniter\CodeIgniter->handleRequest(null, Object(Config\Cache), false)
10 SYSTEMPATH\Boot.php(325): CodeIgniter\CodeIgniter->run()
11 SYSTEMPATH\Boot.php(67): CodeIgniter\Boot::runCodeIgniter(Object(CodeIgniter\CodeIgniter))
12 FCPATH\index.php(56): CodeIgniter\Boot::bootWeb(Object(Config\Paths))
13 SYSTEMPATH\rewrite.php(44): require_once('C:\\xampp\\htdocs\\fixed-website-wisata-tegal\\public\\index.php')
CRITICAL - 2025-01-06 10:03:57 --> ErrorException: include(/backend/inc/navbar.php): Failed to open stream: No such file or directory
[Method: GET, Route: admin/dashboard]
in APPPATH\Views\backend\pages\backend-pages.php on line 118.
 1 APPPATH\Views\backend\pages\backend-pages.php(118): CodeIgniter\Debug\Exceptions->errorHandler(2, 'include(/backend/inc/navbar.php): Failed to open stream: No such file or directory', 'C:\\xampp\\htdocs\\fixed-website-wisata-tegal\\app\\Views\\backend\\pages\\backend-pages.php', 118)
 2 APPPATH\Views\backend\pages\backend-pages.php(118): include()
 3 SYSTEMPATH\View\View.php(234): include('C:\\xampp\\htdocs\\fixed-website-wisata-tegal\\app\\Views\\backend\\pages\\backend-pages.php')
 4 SYSTEMPATH\View\View.php(237): CodeIgniter\View\View->CodeIgniter\View\{closure}()
 5 SYSTEMPATH\Common.php(1171): CodeIgniter\View\View->render('backend/pages/backend-pages', [], true)
 6 APPPATH\Controllers\AdminController.php(10): view('backend/pages/backend-pages')
 7 SYSTEMPATH\CodeIgniter.php(933): App\Controllers\AdminController->index()
 8 SYSTEMPATH\CodeIgniter.php(509): CodeIgniter\CodeIgniter->runController(Object(App\Controllers\AdminController))
 9 SYSTEMPATH\CodeIgniter.php(355): CodeIgniter\CodeIgniter->handleRequest(null, Object(Config\Cache), false)
10 SYSTEMPATH\Boot.php(325): CodeIgniter\CodeIgniter->run()
11 SYSTEMPATH\Boot.php(67): CodeIgniter\Boot::runCodeIgniter(Object(CodeIgniter\CodeIgniter))
12 FCPATH\index.php(56): CodeIgniter\Boot::bootWeb(Object(Config\Paths))
13 SYSTEMPATH\rewrite.php(44): require_once('C:\\xampp\\htdocs\\fixed-website-wisata-tegal\\public\\index.php')
CRITICAL - 2025-01-06 10:04:31 --> ErrorException: include(/backend/inc/navbar.php): Failed to open stream: No such file or directory
[Method: GET, Route: admin/dashboard]
in APPPATH\Views\backend\pages\backend-pages.php on line 118.
 1 APPPATH\Views\backend\pages\backend-pages.php(118): CodeIgniter\Debug\Exceptions->errorHandler(2, 'include(/backend/inc/navbar.php): Failed to open stream: No such file or directory', 'C:\\xampp\\htdocs\\fixed-website-wisata-tegal\\app\\Views\\backend\\pages\\backend-pages.php', 118)
 2 APPPATH\Views\backend\pages\backend-pages.php(118): include()
 3 SYSTEMPATH\View\View.php(234): include('C:\\xampp\\htdocs\\fixed-website-wisata-tegal\\app\\Views\\backend\\pages\\backend-pages.php')
 4 SYSTEMPATH\View\View.php(237): CodeIgniter\View\View->CodeIgniter\View\{closure}()
 5 SYSTEMPATH\Common.php(1171): CodeIgniter\View\View->render('backend/pages/backend-pages', [], true)
 6 APPPATH\Controllers\AdminController.php(10): view('backend/pages/backend-pages')
 7 SYSTEMPATH\CodeIgniter.php(933): App\Controllers\AdminController->index()
 8 SYSTEMPATH\CodeIgniter.php(509): CodeIgniter\CodeIgniter->runController(Object(App\Controllers\AdminController))
 9 SYSTEMPATH\CodeIgniter.php(355): CodeIgniter\CodeIgniter->handleRequest(null, Object(Config\Cache), false)
10 SYSTEMPATH\Boot.php(325): CodeIgniter\CodeIgniter->run()
11 SYSTEMPATH\Boot.php(67): CodeIgniter\Boot::runCodeIgniter(Object(CodeIgniter\CodeIgniter))
12 FCPATH\index.php(56): CodeIgniter\Boot::bootWeb(Object(Config\Paths))
13 SYSTEMPATH\rewrite.php(44): require_once('C:\\xampp\\htdocs\\fixed-website-wisata-tegal\\public\\index.php')
CRITICAL - 2025-01-06 10:04:41 --> ErrorException: include(inc/navbar.php): Failed to open stream: No such file or directory
[Method: GET, Route: admin/dashboard]
in APPPATH\Views\backend\pages\backend-pages.php on line 119.
 1 APPPATH\Views\backend\pages\backend-pages.php(119): CodeIgniter\Debug\Exceptions->errorHandler(2, 'include(inc/navbar.php): Failed to open stream: No such file or directory', 'C:\\xampp\\htdocs\\fixed-website-wisata-tegal\\app\\Views\\backend\\pages\\backend-pages.php', 119)
 2 APPPATH\Views\backend\pages\backend-pages.php(119): include()
 3 SYSTEMPATH\View\View.php(234): include('C:\\xampp\\htdocs\\fixed-website-wisata-tegal\\app\\Views\\backend\\pages\\backend-pages.php')
 4 SYSTEMPATH\View\View.php(237): CodeIgniter\View\View->CodeIgniter\View\{closure}()
 5 SYSTEMPATH\Common.php(1171): CodeIgniter\View\View->render('backend/pages/backend-pages', [], true)
 6 APPPATH\Controllers\AdminController.php(10): view('backend/pages/backend-pages')
 7 SYSTEMPATH\CodeIgniter.php(933): App\Controllers\AdminController->index()
 8 SYSTEMPATH\CodeIgniter.php(509): CodeIgniter\CodeIgniter->runController(Object(App\Controllers\AdminController))
 9 SYSTEMPATH\CodeIgniter.php(355): CodeIgniter\CodeIgniter->handleRequest(null, Object(Config\Cache), false)
10 SYSTEMPATH\Boot.php(325): CodeIgniter\CodeIgniter->run()
11 SYSTEMPATH\Boot.php(67): CodeIgniter\Boot::runCodeIgniter(Object(CodeIgniter\CodeIgniter))
12 FCPATH\index.php(56): CodeIgniter\Boot::bootWeb(Object(Config\Paths))
13 SYSTEMPATH\rewrite.php(44): require_once('C:\\xampp\\htdocs\\fixed-website-wisata-tegal\\public\\index.php')
CRITICAL - 2025-01-06 10:04:42 --> ErrorException: include(inc/navbar.php): Failed to open stream: No such file or directory
[Method: GET, Route: admin/dashboard]
in APPPATH\Views\backend\pages\backend-pages.php on line 119.
 1 APPPATH\Views\backend\pages\backend-pages.php(119): CodeIgniter\Debug\Exceptions->errorHandler(2, 'include(inc/navbar.php): Failed to open stream: No such file or directory', 'C:\\xampp\\htdocs\\fixed-website-wisata-tegal\\app\\Views\\backend\\pages\\backend-pages.php', 119)
 2 APPPATH\Views\backend\pages\backend-pages.php(119): include()
 3 SYSTEMPATH\View\View.php(234): include('C:\\xampp\\htdocs\\fixed-website-wisata-tegal\\app\\Views\\backend\\pages\\backend-pages.php')
 4 SYSTEMPATH\View\View.php(237): CodeIgniter\View\View->CodeIgniter\View\{closure}()
 5 SYSTEMPATH\Common.php(1171): CodeIgniter\View\View->render('backend/pages/backend-pages', [], true)
 6 APPPATH\Controllers\AdminController.php(10): view('backend/pages/backend-pages')
 7 SYSTEMPATH\CodeIgniter.php(933): App\Controllers\AdminController->index()
 8 SYSTEMPATH\CodeIgniter.php(509): CodeIgniter\CodeIgniter->runController(Object(App\Controllers\AdminController))
 9 SYSTEMPATH\CodeIgniter.php(355): CodeIgniter\CodeIgniter->handleRequest(null, Object(Config\Cache), false)
10 SYSTEMPATH\Boot.php(325): CodeIgniter\CodeIgniter->run()
11 SYSTEMPATH\Boot.php(67): CodeIgniter\Boot::runCodeIgniter(Object(CodeIgniter\CodeIgniter))
12 FCPATH\index.php(56): CodeIgniter\Boot::bootWeb(Object(Config\Paths))
13 SYSTEMPATH\rewrite.php(44): require_once('C:\\xampp\\htdocs\\fixed-website-wisata-tegal\\public\\index.php')
CRITICAL - 2025-01-06 10:09:14 --> ErrorException: include(C:\xampp\htdocs\fixed-website-wisata-tegal\app\Views/inc/navbar.php): Failed to open stream: No such file or directory
[Method: GET, Route: admin/dashboard]
in APPPATH\Views\backend\pages\backend-pages.php on line 119.
 1 APPPATH\Views\backend\pages\backend-pages.php(119): CodeIgniter\Debug\Exceptions->errorHandler(2, 'include(C:\\xampp\\htdocs\\fixed-website-wisata-tegal\\app\\Views/inc/navbar.php): Failed to open stream: No such file or directory', 'C:\\xampp\\htdocs\\fixed-website-wisata-tegal\\app\\Views\\backend\\pages\\backend-pages.php', 119)
 2 APPPATH\Views\backend\pages\backend-pages.php(119): include()
 3 SYSTEMPATH\View\View.php(234): include('C:\\xampp\\htdocs\\fixed-website-wisata-tegal\\app\\Views\\backend\\pages\\backend-pages.php')
 4 SYSTEMPATH\View\View.php(237): CodeIgniter\View\View->CodeIgniter\View\{closure}()
 5 SYSTEMPATH\Common.php(1171): CodeIgniter\View\View->render('backend/pages/backend-pages', [], true)
 6 APPPATH\Controllers\AdminController.php(10): view('backend/pages/backend-pages')
 7 SYSTEMPATH\CodeIgniter.php(933): App\Controllers\AdminController->index()
 8 SYSTEMPATH\CodeIgniter.php(509): CodeIgniter\CodeIgniter->runController(Object(App\Controllers\AdminController))
 9 SYSTEMPATH\CodeIgniter.php(355): CodeIgniter\CodeIgniter->handleRequest(null, Object(Config\Cache), false)
10 SYSTEMPATH\Boot.php(325): CodeIgniter\CodeIgniter->run()
11 SYSTEMPATH\Boot.php(67): CodeIgniter\Boot::runCodeIgniter(Object(CodeIgniter\CodeIgniter))
12 FCPATH\index.php(56): CodeIgniter\Boot::bootWeb(Object(Config\Paths))
13 SYSTEMPATH\rewrite.php(44): require_once('C:\\xampp\\htdocs\\fixed-website-wisata-tegal\\public\\index.php')
CRITICAL - 2025-01-06 10:09:15 --> ErrorException: include(C:\xampp\htdocs\fixed-website-wisata-tegal\app\Views/inc/navbar.php): Failed to open stream: No such file or directory
[Method: GET, Route: admin/dashboard]
in APPPATH\Views\backend\pages\backend-pages.php on line 119.
 1 APPPATH\Views\backend\pages\backend-pages.php(119): CodeIgniter\Debug\Exceptions->errorHandler(2, 'include(C:\\xampp\\htdocs\\fixed-website-wisata-tegal\\app\\Views/inc/navbar.php): Failed to open stream: No such file or directory', 'C:\\xampp\\htdocs\\fixed-website-wisata-tegal\\app\\Views\\backend\\pages\\backend-pages.php', 119)
 2 APPPATH\Views\backend\pages\backend-pages.php(119): include()
 3 SYSTEMPATH\View\View.php(234): include('C:\\xampp\\htdocs\\fixed-website-wisata-tegal\\app\\Views\\backend\\pages\\backend-pages.php')
 4 SYSTEMPATH\View\View.php(237): CodeIgniter\View\View->CodeIgniter\View\{closure}()
 5 SYSTEMPATH\Common.php(1171): CodeIgniter\View\View->render('backend/pages/backend-pages', [], true)
 6 APPPATH\Controllers\AdminController.php(10): view('backend/pages/backend-pages')
 7 SYSTEMPATH\CodeIgniter.php(933): App\Controllers\AdminController->index()
 8 SYSTEMPATH\CodeIgniter.php(509): CodeIgniter\CodeIgniter->runController(Object(App\Controllers\AdminController))
 9 SYSTEMPATH\CodeIgniter.php(355): CodeIgniter\CodeIgniter->handleRequest(null, Object(Config\Cache), false)
10 SYSTEMPATH\Boot.php(325): CodeIgniter\CodeIgniter->run()
11 SYSTEMPATH\Boot.php(67): CodeIgniter\Boot::runCodeIgniter(Object(CodeIgniter\CodeIgniter))
12 FCPATH\index.php(56): CodeIgniter\Boot::bootWeb(Object(Config\Paths))
13 SYSTEMPATH\rewrite.php(44): require_once('C:\\xampp\\htdocs\\fixed-website-wisata-tegal\\public\\index.php')
CRITICAL - 2025-01-06 10:10:19 --> ErrorException: include(inc/navbar.php): Failed to open stream: No such file or directory
[Method: GET, Route: admin/dashboard]
in APPPATH\Views\backend\pages\backend-pages.php on line 119.
 1 APPPATH\Views\backend\pages\backend-pages.php(119): CodeIgniter\Debug\Exceptions->errorHandler(2, 'include(inc/navbar.php): Failed to open stream: No such file or directory', 'C:\\xampp\\htdocs\\fixed-website-wisata-tegal\\app\\Views\\backend\\pages\\backend-pages.php', 119)
 2 APPPATH\Views\backend\pages\backend-pages.php(119): include()
 3 SYSTEMPATH\View\View.php(234): include('C:\\xampp\\htdocs\\fixed-website-wisata-tegal\\app\\Views\\backend\\pages\\backend-pages.php')
 4 SYSTEMPATH\View\View.php(237): CodeIgniter\View\View->CodeIgniter\View\{closure}()
 5 SYSTEMPATH\Common.php(1171): CodeIgniter\View\View->render('backend/pages/backend-pages', [], true)
 6 APPPATH\Controllers\AdminController.php(10): view('backend/pages/backend-pages')
 7 SYSTEMPATH\CodeIgniter.php(933): App\Controllers\AdminController->index()
 8 SYSTEMPATH\CodeIgniter.php(509): CodeIgniter\CodeIgniter->runController(Object(App\Controllers\AdminController))
 9 SYSTEMPATH\CodeIgniter.php(355): CodeIgniter\CodeIgniter->handleRequest(null, Object(Config\Cache), false)
10 SYSTEMPATH\Boot.php(325): CodeIgniter\CodeIgniter->run()
11 SYSTEMPATH\Boot.php(67): CodeIgniter\Boot::runCodeIgniter(Object(CodeIgniter\CodeIgniter))
12 FCPATH\index.php(56): CodeIgniter\Boot::bootWeb(Object(Config\Paths))
13 SYSTEMPATH\rewrite.php(44): require_once('C:\\xampp\\htdocs\\fixed-website-wisata-tegal\\public\\index.php')
CRITICAL - 2025-01-06 10:10:20 --> ErrorException: include(inc/navbar.php): Failed to open stream: No such file or directory
[Method: GET, Route: admin/dashboard]
in APPPATH\Views\backend\pages\backend-pages.php on line 119.
 1 APPPATH\Views\backend\pages\backend-pages.php(119): CodeIgniter\Debug\Exceptions->errorHandler(2, 'include(inc/navbar.php): Failed to open stream: No such file or directory', 'C:\\xampp\\htdocs\\fixed-website-wisata-tegal\\app\\Views\\backend\\pages\\backend-pages.php', 119)
 2 APPPATH\Views\backend\pages\backend-pages.php(119): include()
 3 SYSTEMPATH\View\View.php(234): include('C:\\xampp\\htdocs\\fixed-website-wisata-tegal\\app\\Views\\backend\\pages\\backend-pages.php')
 4 SYSTEMPATH\View\View.php(237): CodeIgniter\View\View->CodeIgniter\View\{closure}()
 5 SYSTEMPATH\Common.php(1171): CodeIgniter\View\View->render('backend/pages/backend-pages', [], true)
 6 APPPATH\Controllers\AdminController.php(10): view('backend/pages/backend-pages')
 7 SYSTEMPATH\CodeIgniter.php(933): App\Controllers\AdminController->index()
 8 SYSTEMPATH\CodeIgniter.php(509): CodeIgniter\CodeIgniter->runController(Object(App\Controllers\AdminController))
 9 SYSTEMPATH\CodeIgniter.php(355): CodeIgniter\CodeIgniter->handleRequest(null, Object(Config\Cache), false)
10 SYSTEMPATH\Boot.php(325): CodeIgniter\CodeIgniter->run()
11 SYSTEMPATH\Boot.php(67): CodeIgniter\Boot::runCodeIgniter(Object(CodeIgniter\CodeIgniter))
12 FCPATH\index.php(56): CodeIgniter\Boot::bootWeb(Object(Config\Paths))
13 SYSTEMPATH\rewrite.php(44): require_once('C:\\xampp\\htdocs\\fixed-website-wisata-tegal\\public\\index.php')
CRITICAL - 2025-01-06 10:11:33 --> ErrorException: include(inc/navbar.php): Failed to open stream: No such file or directory
[Method: GET, Route: admin/dashboard]
in APPPATH\Views\backend\pages\backend-pages.php on line 119.
 1 APPPATH\Views\backend\pages\backend-pages.php(119): CodeIgniter\Debug\Exceptions->errorHandler(2, 'include(inc/navbar.php): Failed to open stream: No such file or directory', 'C:\\xampp\\htdocs\\fixed-website-wisata-tegal\\app\\Views\\backend\\pages\\backend-pages.php', 119)
 2 APPPATH\Views\backend\pages\backend-pages.php(119): include()
 3 SYSTEMPATH\View\View.php(234): include('C:\\xampp\\htdocs\\fixed-website-wisata-tegal\\app\\Views\\backend\\pages\\backend-pages.php')
 4 SYSTEMPATH\View\View.php(237): CodeIgniter\View\View->CodeIgniter\View\{closure}()
 5 SYSTEMPATH\Common.php(1171): CodeIgniter\View\View->render('backend/pages/backend-pages', [], true)
 6 APPPATH\Controllers\AdminController.php(10): view('backend/pages/backend-pages')
 7 SYSTEMPATH\CodeIgniter.php(933): App\Controllers\AdminController->index()
 8 SYSTEMPATH\CodeIgniter.php(509): CodeIgniter\CodeIgniter->runController(Object(App\Controllers\AdminController))
 9 SYSTEMPATH\CodeIgniter.php(355): CodeIgniter\CodeIgniter->handleRequest(null, Object(Config\Cache), false)
10 SYSTEMPATH\Boot.php(325): CodeIgniter\CodeIgniter->run()
11 SYSTEMPATH\Boot.php(67): CodeIgniter\Boot::runCodeIgniter(Object(CodeIgniter\CodeIgniter))
12 FCPATH\index.php(56): CodeIgniter\Boot::bootWeb(Object(Config\Paths))
13 SYSTEMPATH\rewrite.php(44): require_once('C:\\xampp\\htdocs\\fixed-website-wisata-tegal\\public\\index.php')
CRITICAL - 2025-01-06 10:11:59 --> CodeIgniter\View\Exceptions\ViewException: Invalid file: "inc/navbar.php"
[Method: GET, Route: admin/dashboard]
in SYSTEMPATH\Exceptions\FrameworkException.php on line 41.
 1 SYSTEMPATH\View\View.php(222): CodeIgniter\Exceptions\FrameworkException::forInvalidFile('inc/navbar.php')
 2 SYSTEMPATH\Common.php(1171): CodeIgniter\View\View->render('inc/navbar', [], true)
 3 APPPATH\Views\backend\pages\backend-pages.php(119): view('inc/navbar')
 4 SYSTEMPATH\View\View.php(234): include('C:\\xampp\\htdocs\\fixed-website-wisata-tegal\\app\\Views\\backend\\pages\\backend-pages.php')
 5 SYSTEMPATH\View\View.php(237): CodeIgniter\View\View->CodeIgniter\View\{closure}()
 6 SYSTEMPATH\Common.php(1171): CodeIgniter\View\View->render('backend/pages/backend-pages', [], true)
 7 APPPATH\Controllers\AdminController.php(10): view('backend/pages/backend-pages')
 8 SYSTEMPATH\CodeIgniter.php(933): App\Controllers\AdminController->index()
 9 SYSTEMPATH\CodeIgniter.php(509): CodeIgniter\CodeIgniter->runController(Object(App\Controllers\AdminController))
10 SYSTEMPATH\CodeIgniter.php(355): CodeIgniter\CodeIgniter->handleRequest(null, Object(Config\Cache), false)
11 SYSTEMPATH\Boot.php(325): CodeIgniter\CodeIgniter->run()
12 SYSTEMPATH\Boot.php(67): CodeIgniter\Boot::runCodeIgniter(Object(CodeIgniter\CodeIgniter))
13 FCPATH\index.php(56): CodeIgniter\Boot::bootWeb(Object(Config\Paths))
14 SYSTEMPATH\rewrite.php(44): require_once('C:\\xampp\\htdocs\\fixed-website-wisata-tegal\\public\\index.php')
CRITICAL - 2025-01-06 10:12:00 --> CodeIgniter\View\Exceptions\ViewException: Invalid file: "inc/navbar.php"
[Method: GET, Route: admin/dashboard]
in SYSTEMPATH\Exceptions\FrameworkException.php on line 41.
 1 SYSTEMPATH\View\View.php(222): CodeIgniter\Exceptions\FrameworkException::forInvalidFile('inc/navbar.php')
 2 SYSTEMPATH\Common.php(1171): CodeIgniter\View\View->render('inc/navbar', [], true)
 3 APPPATH\Views\backend\pages\backend-pages.php(119): view('inc/navbar')
 4 SYSTEMPATH\View\View.php(234): include('C:\\xampp\\htdocs\\fixed-website-wisata-tegal\\app\\Views\\backend\\pages\\backend-pages.php')
 5 SYSTEMPATH\View\View.php(237): CodeIgniter\View\View->CodeIgniter\View\{closure}()
 6 SYSTEMPATH\Common.php(1171): CodeIgniter\View\View->render('backend/pages/backend-pages', [], true)
 7 APPPATH\Controllers\AdminController.php(10): view('backend/pages/backend-pages')
 8 SYSTEMPATH\CodeIgniter.php(933): App\Controllers\AdminController->index()
 9 SYSTEMPATH\CodeIgniter.php(509): CodeIgniter\CodeIgniter->runController(Object(App\Controllers\AdminController))
10 SYSTEMPATH\CodeIgniter.php(355): CodeIgniter\CodeIgniter->handleRequest(null, Object(Config\Cache), false)
11 SYSTEMPATH\Boot.php(325): CodeIgniter\CodeIgniter->run()
12 SYSTEMPATH\Boot.php(67): CodeIgniter\Boot::runCodeIgniter(Object(CodeIgniter\CodeIgniter))
13 FCPATH\index.php(56): CodeIgniter\Boot::bootWeb(Object(Config\Paths))
14 SYSTEMPATH\rewrite.php(44): require_once('C:\\xampp\\htdocs\\fixed-website-wisata-tegal\\public\\index.php')
CRITICAL - 2025-01-06 10:12:01 --> CodeIgniter\View\Exceptions\ViewException: Invalid file: "inc/navbar.php"
[Method: GET, Route: admin/dashboard]
in SYSTEMPATH\Exceptions\FrameworkException.php on line 41.
 1 SYSTEMPATH\View\View.php(222): CodeIgniter\Exceptions\FrameworkException::forInvalidFile('inc/navbar.php')
 2 SYSTEMPATH\Common.php(1171): CodeIgniter\View\View->render('inc/navbar', [], true)
 3 APPPATH\Views\backend\pages\backend-pages.php(119): view('inc/navbar')
 4 SYSTEMPATH\View\View.php(234): include('C:\\xampp\\htdocs\\fixed-website-wisata-tegal\\app\\Views\\backend\\pages\\backend-pages.php')
 5 SYSTEMPATH\View\View.php(237): CodeIgniter\View\View->CodeIgniter\View\{closure}()
 6 SYSTEMPATH\Common.php(1171): CodeIgniter\View\View->render('backend/pages/backend-pages', [], true)
 7 APPPATH\Controllers\AdminController.php(10): view('backend/pages/backend-pages')
 8 SYSTEMPATH\CodeIgniter.php(933): App\Controllers\AdminController->index()
 9 SYSTEMPATH\CodeIgniter.php(509): CodeIgniter\CodeIgniter->runController(Object(App\Controllers\AdminController))
10 SYSTEMPATH\CodeIgniter.php(355): CodeIgniter\CodeIgniter->handleRequest(null, Object(Config\Cache), false)
11 SYSTEMPATH\Boot.php(325): CodeIgniter\CodeIgniter->run()
12 SYSTEMPATH\Boot.php(67): CodeIgniter\Boot::runCodeIgniter(Object(CodeIgniter\CodeIgniter))
13 FCPATH\index.php(56): CodeIgniter\Boot::bootWeb(Object(Config\Paths))
14 SYSTEMPATH\rewrite.php(44): require_once('C:\\xampp\\htdocs\\fixed-website-wisata-tegal\\public\\index.php')
CRITICAL - 2025-01-06 10:12:01 --> CodeIgniter\View\Exceptions\ViewException: Invalid file: "inc/navbar.php"
[Method: GET, Route: admin/dashboard]
in SYSTEMPATH\Exceptions\FrameworkException.php on line 41.
 1 SYSTEMPATH\View\View.php(222): CodeIgniter\Exceptions\FrameworkException::forInvalidFile('inc/navbar.php')
 2 SYSTEMPATH\Common.php(1171): CodeIgniter\View\View->render('inc/navbar', [], true)
 3 APPPATH\Views\backend\pages\backend-pages.php(119): view('inc/navbar')
 4 SYSTEMPATH\View\View.php(234): include('C:\\xampp\\htdocs\\fixed-website-wisata-tegal\\app\\Views\\backend\\pages\\backend-pages.php')
 5 SYSTEMPATH\View\View.php(237): CodeIgniter\View\View->CodeIgniter\View\{closure}()
 6 SYSTEMPATH\Common.php(1171): CodeIgniter\View\View->render('backend/pages/backend-pages', [], true)
 7 APPPATH\Controllers\AdminController.php(10): view('backend/pages/backend-pages')
 8 SYSTEMPATH\CodeIgniter.php(933): App\Controllers\AdminController->index()
 9 SYSTEMPATH\CodeIgniter.php(509): CodeIgniter\CodeIgniter->runController(Object(App\Controllers\AdminController))
10 SYSTEMPATH\CodeIgniter.php(355): CodeIgniter\CodeIgniter->handleRequest(null, Object(Config\Cache), false)
11 SYSTEMPATH\Boot.php(325): CodeIgniter\CodeIgniter->run()
12 SYSTEMPATH\Boot.php(67): CodeIgniter\Boot::runCodeIgniter(Object(CodeIgniter\CodeIgniter))
13 FCPATH\index.php(56): CodeIgniter\Boot::bootWeb(Object(Config\Paths))
14 SYSTEMPATH\rewrite.php(44): require_once('C:\\xampp\\htdocs\\fixed-website-wisata-tegal\\public\\index.php')
CRITICAL - 2025-01-06 10:12:01 --> CodeIgniter\View\Exceptions\ViewException: Invalid file: "inc/navbar.php"
[Method: GET, Route: admin/dashboard]
in SYSTEMPATH\Exceptions\FrameworkException.php on line 41.
 1 SYSTEMPATH\View\View.php(222): CodeIgniter\Exceptions\FrameworkException::forInvalidFile('inc/navbar.php')
 2 SYSTEMPATH\Common.php(1171): CodeIgniter\View\View->render('inc/navbar', [], true)
 3 APPPATH\Views\backend\pages\backend-pages.php(119): view('inc/navbar')
 4 SYSTEMPATH\View\View.php(234): include('C:\\xampp\\htdocs\\fixed-website-wisata-tegal\\app\\Views\\backend\\pages\\backend-pages.php')
 5 SYSTEMPATH\View\View.php(237): CodeIgniter\View\View->CodeIgniter\View\{closure}()
 6 SYSTEMPATH\Common.php(1171): CodeIgniter\View\View->render('backend/pages/backend-pages', [], true)
 7 APPPATH\Controllers\AdminController.php(10): view('backend/pages/backend-pages')
 8 SYSTEMPATH\CodeIgniter.php(933): App\Controllers\AdminController->index()
 9 SYSTEMPATH\CodeIgniter.php(509): CodeIgniter\CodeIgniter->runController(Object(App\Controllers\AdminController))
10 SYSTEMPATH\CodeIgniter.php(355): CodeIgniter\CodeIgniter->handleRequest(null, Object(Config\Cache), false)
11 SYSTEMPATH\Boot.php(325): CodeIgniter\CodeIgniter->run()
12 SYSTEMPATH\Boot.php(67): CodeIgniter\Boot::runCodeIgniter(Object(CodeIgniter\CodeIgniter))
13 FCPATH\index.php(56): CodeIgniter\Boot::bootWeb(Object(Config\Paths))
14 SYSTEMPATH\rewrite.php(44): require_once('C:\\xampp\\htdocs\\fixed-website-wisata-tegal\\public\\index.php')
CRITICAL - 2025-01-06 10:12:02 --> CodeIgniter\View\Exceptions\ViewException: Invalid file: "inc/navbar.php"
[Method: GET, Route: admin/dashboard]
in SYSTEMPATH\Exceptions\FrameworkException.php on line 41.
 1 SYSTEMPATH\View\View.php(222): CodeIgniter\Exceptions\FrameworkException::forInvalidFile('inc/navbar.php')
 2 SYSTEMPATH\Common.php(1171): CodeIgniter\View\View->render('inc/navbar', [], true)
 3 APPPATH\Views\backend\pages\backend-pages.php(119): view('inc/navbar')
 4 SYSTEMPATH\View\View.php(234): include('C:\\xampp\\htdocs\\fixed-website-wisata-tegal\\app\\Views\\backend\\pages\\backend-pages.php')
 5 SYSTEMPATH\View\View.php(237): CodeIgniter\View\View->CodeIgniter\View\{closure}()
 6 SYSTEMPATH\Common.php(1171): CodeIgniter\View\View->render('backend/pages/backend-pages', [], true)
 7 APPPATH\Controllers\AdminController.php(10): view('backend/pages/backend-pages')
 8 SYSTEMPATH\CodeIgniter.php(933): App\Controllers\AdminController->index()
 9 SYSTEMPATH\CodeIgniter.php(509): CodeIgniter\CodeIgniter->runController(Object(App\Controllers\AdminController))
10 SYSTEMPATH\CodeIgniter.php(355): CodeIgniter\CodeIgniter->handleRequest(null, Object(Config\Cache), false)
11 SYSTEMPATH\Boot.php(325): CodeIgniter\CodeIgniter->run()
12 SYSTEMPATH\Boot.php(67): CodeIgniter\Boot::runCodeIgniter(Object(CodeIgniter\CodeIgniter))
13 FCPATH\index.php(56): CodeIgniter\Boot::bootWeb(Object(Config\Paths))
14 SYSTEMPATH\rewrite.php(44): require_once('C:\\xampp\\htdocs\\fixed-website-wisata-tegal\\public\\index.php')
CRITICAL - 2025-01-06 10:12:02 --> CodeIgniter\View\Exceptions\ViewException: Invalid file: "inc/navbar.php"
[Method: GET, Route: admin/dashboard]
in SYSTEMPATH\Exceptions\FrameworkException.php on line 41.
 1 SYSTEMPATH\View\View.php(222): CodeIgniter\Exceptions\FrameworkException::forInvalidFile('inc/navbar.php')
 2 SYSTEMPATH\Common.php(1171): CodeIgniter\View\View->render('inc/navbar', [], true)
 3 APPPATH\Views\backend\pages\backend-pages.php(119): view('inc/navbar')
 4 SYSTEMPATH\View\View.php(234): include('C:\\xampp\\htdocs\\fixed-website-wisata-tegal\\app\\Views\\backend\\pages\\backend-pages.php')
 5 SYSTEMPATH\View\View.php(237): CodeIgniter\View\View->CodeIgniter\View\{closure}()
 6 SYSTEMPATH\Common.php(1171): CodeIgniter\View\View->render('backend/pages/backend-pages', [], true)
 7 APPPATH\Controllers\AdminController.php(10): view('backend/pages/backend-pages')
 8 SYSTEMPATH\CodeIgniter.php(933): App\Controllers\AdminController->index()
 9 SYSTEMPATH\CodeIgniter.php(509): CodeIgniter\CodeIgniter->runController(Object(App\Controllers\AdminController))
10 SYSTEMPATH\CodeIgniter.php(355): CodeIgniter\CodeIgniter->handleRequest(null, Object(Config\Cache), false)
11 SYSTEMPATH\Boot.php(325): CodeIgniter\CodeIgniter->run()
12 SYSTEMPATH\Boot.php(67): CodeIgniter\Boot::runCodeIgniter(Object(CodeIgniter\CodeIgniter))
13 FCPATH\index.php(56): CodeIgniter\Boot::bootWeb(Object(Config\Paths))
14 SYSTEMPATH\rewrite.php(44): require_once('C:\\xampp\\htdocs\\fixed-website-wisata-tegal\\public\\index.php')
CRITICAL - 2025-01-06 10:12:13 --> CodeIgniter\View\Exceptions\ViewException: Invalid file: "/inc/navbar.php"
[Method: GET, Route: admin/dashboard]
in SYSTEMPATH\Exceptions\FrameworkException.php on line 41.
 1 SYSTEMPATH\View\View.php(222): CodeIgniter\Exceptions\FrameworkException::forInvalidFile('/inc/navbar.php')
 2 SYSTEMPATH\Common.php(1171): CodeIgniter\View\View->render('/inc/navbar', [], true)
 3 APPPATH\Views\backend\pages\backend-pages.php(119): view('/inc/navbar')
 4 SYSTEMPATH\View\View.php(234): include('C:\\xampp\\htdocs\\fixed-website-wisata-tegal\\app\\Views\\backend\\pages\\backend-pages.php')
 5 SYSTEMPATH\View\View.php(237): CodeIgniter\View\View->CodeIgniter\View\{closure}()
 6 SYSTEMPATH\Common.php(1171): CodeIgniter\View\View->render('backend/pages/backend-pages', [], true)
 7 APPPATH\Controllers\AdminController.php(10): view('backend/pages/backend-pages')
 8 SYSTEMPATH\CodeIgniter.php(933): App\Controllers\AdminController->index()
 9 SYSTEMPATH\CodeIgniter.php(509): CodeIgniter\CodeIgniter->runController(Object(App\Controllers\AdminController))
10 SYSTEMPATH\CodeIgniter.php(355): CodeIgniter\CodeIgniter->handleRequest(null, Object(Config\Cache), false)
11 SYSTEMPATH\Boot.php(325): CodeIgniter\CodeIgniter->run()
12 SYSTEMPATH\Boot.php(67): CodeIgniter\Boot::runCodeIgniter(Object(CodeIgniter\CodeIgniter))
13 FCPATH\index.php(56): CodeIgniter\Boot::bootWeb(Object(Config\Paths))
14 SYSTEMPATH\rewrite.php(44): require_once('C:\\xampp\\htdocs\\fixed-website-wisata-tegal\\public\\index.php')
CRITICAL - 2025-01-06 10:12:14 --> CodeIgniter\View\Exceptions\ViewException: Invalid file: "/inc/navbar.php"
[Method: GET, Route: admin/dashboard]
in SYSTEMPATH\Exceptions\FrameworkException.php on line 41.
 1 SYSTEMPATH\View\View.php(222): CodeIgniter\Exceptions\FrameworkException::forInvalidFile('/inc/navbar.php')
 2 SYSTEMPATH\Common.php(1171): CodeIgniter\View\View->render('/inc/navbar', [], true)
 3 APPPATH\Views\backend\pages\backend-pages.php(119): view('/inc/navbar')
 4 SYSTEMPATH\View\View.php(234): include('C:\\xampp\\htdocs\\fixed-website-wisata-tegal\\app\\Views\\backend\\pages\\backend-pages.php')
 5 SYSTEMPATH\View\View.php(237): CodeIgniter\View\View->CodeIgniter\View\{closure}()
 6 SYSTEMPATH\Common.php(1171): CodeIgniter\View\View->render('backend/pages/backend-pages', [], true)
 7 APPPATH\Controllers\AdminController.php(10): view('backend/pages/backend-pages')
 8 SYSTEMPATH\CodeIgniter.php(933): App\Controllers\AdminController->index()
 9 SYSTEMPATH\CodeIgniter.php(509): CodeIgniter\CodeIgniter->runController(Object(App\Controllers\AdminController))
10 SYSTEMPATH\CodeIgniter.php(355): CodeIgniter\CodeIgniter->handleRequest(null, Object(Config\Cache), false)
11 SYSTEMPATH\Boot.php(325): CodeIgniter\CodeIgniter->run()
12 SYSTEMPATH\Boot.php(67): CodeIgniter\Boot::runCodeIgniter(Object(CodeIgniter\CodeIgniter))
13 FCPATH\index.php(56): CodeIgniter\Boot::bootWeb(Object(Config\Paths))
14 SYSTEMPATH\rewrite.php(44): require_once('C:\\xampp\\htdocs\\fixed-website-wisata-tegal\\public\\index.php')
CRITICAL - 2025-01-06 10:17:57 --> CodeIgniter\View\Exceptions\ViewException: Invalid file: "backend/pages/backend-pages.php"
[Method: GET, Route: admin/dashboard]
in SYSTEMPATH\Exceptions\FrameworkException.php on line 41.
 1 SYSTEMPATH\View\View.php(222): CodeIgniter\Exceptions\FrameworkException::forInvalidFile('backend/pages/backend-pages.php')
 2 SYSTEMPATH\Common.php(1171): CodeIgniter\View\View->render('backend/pages/backend-pages', [], true)
 3 APPPATH\Controllers\AdminController.php(10): view('backend/pages/backend-pages')
 4 SYSTEMPATH\CodeIgniter.php(933): App\Controllers\AdminController->index()
 5 SYSTEMPATH\CodeIgniter.php(509): CodeIgniter\CodeIgniter->runController(Object(App\Controllers\AdminController))
 6 SYSTEMPATH\CodeIgniter.php(355): CodeIgniter\CodeIgniter->handleRequest(null, Object(Config\Cache), false)
 7 SYSTEMPATH\Boot.php(325): CodeIgniter\CodeIgniter->run()
 8 SYSTEMPATH\Boot.php(67): CodeIgniter\Boot::runCodeIgniter(Object(CodeIgniter\CodeIgniter))
 9 FCPATH\index.php(56): CodeIgniter\Boot::bootWeb(Object(Config\Paths))
10 SYSTEMPATH\rewrite.php(44): require_once('C:\\xampp\\htdocs\\fixed-website-wisata-tegal\\public\\index.php')
